2024-09-20 19:55:15.943 -03:00 [WRN] The ASP.NET Core developer certificate is not trusted. For information about trusting the ASP.NET Core developer certificate, see https://aka.ms/aspnet/https-trust-dev-cert.
2024-09-20 19:55:16.014 -03:00 [INF] Now listening on: https://localhost:7197
2024-09-20 19:55:16.015 -03:00 [INF] Now listening on: http://localhost:5033
2024-09-20 19:55:16.015 -03:00 [INF] Application started. Press Ctrl+C to shut down.
2024-09-20 19:55:16.016 -03:00 [INF] Hosting environment: Development
2024-09-20 19:55:16.016 -03:00 [INF] Content root path: C:\Users\Aluno\Downloads\Projeto1Bim\Projeto1Bim\Projeto1Bim
2024-09-20 19:55:20.748 -03:00 [INF] Request starting HTTP/2 GET https://localhost:7197/swagger - null null
2024-09-20 19:55:20.944 -03:00 [INF] Request finished HTTP/2 GET https://localhost:7197/swagger - 301 0 null 198.1504ms
2024-09-20 19:55:20.947 -03:00 [INF] Request starting HTTP/2 GET https://localhost:7197/swagger/index.html - null null
2024-09-20 19:55:21.026 -03:00 [INF] Request finished HTTP/2 GET https://localhost:7197/swagger/index.html - 200 null text/html;charset=utf-8 79.2686ms
2024-09-20 19:55:21.036 -03:00 [INF] Request starting HTTP/2 GET https://localhost:7197/swagger/swagger-ui-bundle.js - null null
2024-09-20 19:55:21.036 -03:00 [INF] Request starting HTTP/2 GET https://localhost:7197/swagger/swagger-ui.css - null null
2024-09-20 19:55:21.036 -03:00 [INF] Request starting HTTP/2 GET https://localhost:7197/swagger/swagger-ui-standalone-preset.js - null null
2024-09-20 19:55:21.036 -03:00 [INF] Request starting HTTP/2 GET https://localhost:7197/_vs/browserLink - null null
2024-09-20 19:55:21.036 -03:00 [INF] Request starting HTTP/2 GET https://localhost:7197/_framework/aspnetcore-browser-refresh.js - null null
2024-09-20 19:55:21.047 -03:00 [INF] Request finished HTTP/2 GET https://localhost:7197/_framework/aspnetcore-browser-refresh.js - 200 13758 application/javascript; charset=utf-8 10.2768ms
2024-09-20 19:55:21.073 -03:00 [INF] Sending file. Request path: '/swagger-ui.css'. Physical path: 'N/A'
2024-09-20 19:55:21.073 -03:00 [INF] Sending file. Request path: '/swagger-ui-standalone-preset.js'. Physical path: 'N/A'
2024-09-20 19:55:21.075 -03:00 [INF] Request finished HTTP/2 GET https://localhost:7197/swagger/swagger-ui.css - 200 143943 text/css 39.2001ms
2024-09-20 19:55:21.075 -03:00 [INF] Request finished HTTP/2 GET https://localhost:7197/swagger/swagger-ui-standalone-preset.js - 200 339486 text/javascript 38.6923ms
2024-09-20 19:55:21.085 -03:00 [INF] Sending file. Request path: '/swagger-ui-bundle.js'. Physical path: 'N/A'
2024-09-20 19:55:21.085 -03:00 [INF] Request finished HTTP/2 GET https://localhost:7197/swagger/swagger-ui-bundle.js - 200 1096145 text/javascript 49.3063ms
2024-09-20 19:55:21.121 -03:00 [INF] Request finished HTTP/2 GET https://localhost:7197/_vs/browserLink - 200 null text/javascript; charset=UTF-8 85.1172ms
2024-09-20 19:55:21.204 -03:00 [INF] Request starting HTTP/2 GET https://localhost:7197/swagger/favicon-16x16.png - null null
2024-09-20 19:55:21.204 -03:00 [INF] Sending file. Request path: '/favicon-16x16.png'. Physical path: 'N/A'
2024-09-20 19:55:21.205 -03:00 [INF] Request finished HTTP/2 GET https://localhost:7197/swagger/favicon-16x16.png - 200 665 image/png 0.967ms
2024-09-20 19:55:21.253 -03:00 [INF] Request starting HTTP/2 GET https://localhost:7197/swagger/v1/swagger.json - null null
2024-09-20 19:55:21.266 -03:00 [INF] Request finished HTTP/2 GET https://localhost:7197/swagger/v1/swagger.json - 200 null application/json;charset=utf-8 14.1792ms
2024-09-20 20:33:15.504 -03:00 [WRN] The ASP.NET Core developer certificate is not trusted. For information about trusting the ASP.NET Core developer certificate, see https://aka.ms/aspnet/https-trust-dev-cert.
2024-09-20 20:33:15.564 -03:00 [INF] Now listening on: https://localhost:7197
2024-09-20 20:33:15.564 -03:00 [INF] Now listening on: http://localhost:5033
2024-09-20 20:33:15.565 -03:00 [INF] Application started. Press Ctrl+C to shut down.
2024-09-20 20:33:15.565 -03:00 [INF] Hosting environment: Development
2024-09-20 20:33:15.565 -03:00 [INF] Content root path: C:\Users\Aluno\Downloads\Projeto1Bim\Projeto1Bim\Projeto1Bim
2024-09-20 20:33:16.269 -03:00 [INF] Request starting HTTP/2 GET https://localhost:7197/swagger/index.html - null null
2024-09-20 20:33:16.441 -03:00 [INF] Request finished HTTP/2 GET https://localhost:7197/swagger/index.html - 200 null text/html;charset=utf-8 175.6132ms
2024-09-20 20:33:16.453 -03:00 [INF] Request starting HTTP/2 GET https://localhost:7197/_framework/aspnetcore-browser-refresh.js - null null
2024-09-20 20:33:16.453 -03:00 [INF] Request starting HTTP/2 GET https://localhost:7197/swagger/swagger-ui.css - null null
2024-09-20 20:33:16.460 -03:00 [INF] Request starting HTTP/2 GET https://localhost:7197/_vs/browserLink - null null
2024-09-20 20:33:16.463 -03:00 [INF] Request finished HTTP/2 GET https://localhost:7197/_framework/aspnetcore-browser-refresh.js - 200 13758 application/javascript; charset=utf-8 11.0616ms
2024-09-20 20:33:16.469 -03:00 [INF] Sending file. Request path: '/swagger-ui.css'. Physical path: 'N/A'
2024-09-20 20:33:16.469 -03:00 [INF] Request finished HTTP/2 GET https://localhost:7197/swagger/swagger-ui.css - 499 143943 text/css 17.1194ms
2024-09-20 20:33:16.488 -03:00 [INF] Request finished HTTP/2 GET https://localhost:7197/_vs/browserLink - 200 null text/javascript; charset=UTF-8 31.2886ms
2024-09-20 20:33:16.542 -03:00 [INF] Request starting HTTP/2 GET https://localhost:7197/swagger/favicon-16x16.png - null null
2024-09-20 20:33:16.543 -03:00 [INF] Sending file. Request path: '/favicon-16x16.png'. Physical path: 'N/A'
2024-09-20 20:33:16.544 -03:00 [INF] Request finished HTTP/2 GET https://localhost:7197/swagger/favicon-16x16.png - 499 665 image/png 2.1236ms
2024-09-20 20:33:16.566 -03:00 [INF] Request starting HTTP/2 GET https://localhost:7197/swagger/v1/swagger.json - null null
2024-09-20 20:33:16.621 -03:00 [INF] Request finished HTTP/2 GET https://localhost:7197/swagger/v1/swagger.json - 200 null application/json;charset=utf-8 55.7168ms
